{
  "stats": {
    "suites": 1,
    "tests": 1,
    "passes": 0,
    "pending": 0,
    "failures": 1,
    "start": "2021-03-29T08:34:06.459Z",
    "end": "2021-03-29T08:34:07.335Z",
    "duration": 876,
    "testsRegistered": 1,
    "passPercent": 0,
    "pendingPercent": 0,
    "other": 0,
    "hasOther": false,
    "skipped": 0,
    "hasSkipped": false
  },
  "results": [
    {
      "uuid": "34180c57-c5c8-4ae7-a6d8-5d9010203658",
      "title": "",
      "fullFile": "cypress/integration/first_test.spec.js",
      "file": "cypress/integration/first_test.spec.js",
      "beforeHooks": [],
      "afterHooks": [],
      "tests": [],
      "suites": [
        {
          "uuid": "99c77205-e753-4daf-ac1e-eaf37bb0b0bd",
          "title": "Create account",
          "fullFile": "",
          "file": "",
          "beforeHooks": [],
          "afterHooks": [],
          "tests": [
            {
              "title": "Test link react",
              "fullTitle": "Create account Test link react",
              "timedOut": null,
              "duration": 837,
              "state": "failed",
              "speed": null,
              "pass": false,
              "fail": true,
              "pending": false,
              "context": "\"videos/first_test.spec.js.mp4\"",
              "code": "cy.visit(\"http://localhost:3000/\");\ncy.get('[data-e2e=\"link-learn-react\"]').click();",
              "err": {
                "message": "CypressError: `cy.visit()` failed trying to load:\n\nhttp://localhost:3000/\n\nWe attempted to make an http request to this URL but the request failed without a response.\n\nWe received this error at the network level:\n\n  > Error: connect ECONNREFUSED 127.0.0.1:3000\n\nCommon situations why this would fail:\n  - you don't have internet access\n  - you forgot to run / boot your web server\n  - your web server isn't accessible\n  - you have weird network configuration settings on your computer",
                "estack": "CypressError: `cy.visit()` failed trying to load:\n\nhttp://localhost:3000/\n\nWe attempted to make an http request to this URL but the request failed without a response.\n\nWe received this error at the network level:\n\n  > Error: connect ECONNREFUSED 127.0.0.1:3000\n\nCommon situations why this would fail:\n  - you don't have internet access\n  - you forgot to run / boot your web server\n  - your web server isn't accessible\n  - you have weird network configuration settings on your computer\n    at http://localhost:63916/__cypress/runner/cypress_runner.js:159135:23\n    at visitFailedByErr (http://localhost:63916/__cypress/runner/cypress_runner.js:158495:12)\n    at http://localhost:63916/__cypress/runner/cypress_runner.js:159134:11\n    at tryCatcher (http://localhost:63916/__cypress/runner/cypress_runner.js:10765:23)\n    at Promise._settlePromiseFromHandler (http://localhost:63916/__cypress/runner/cypress_runner.js:8700:31)\n    at Promise._settlePromise (http://localhost:63916/__cypress/runner/cypress_runner.js:8757:18)\n    at Promise._settlePromise0 (http://localhost:63916/__cypress/runner/cypress_runner.js:8802:10)\n    at Promise._settlePromises (http://localhost:63916/__cypress/runner/cypress_runner.js:8878:18)\n    at _drainQueueStep (http://localhost:63916/__cypress/runner/cypress_runner.js:5472:12)\n    at _drainQueue (http://localhost:63916/__cypress/runner/cypress_runner.js:5465:9)\n    at Async.../../node_modules/bluebird/js/release/async.js.Async._drainQueues (http://localhost:63916/__cypress/runner/cypress_runner.js:5481:5)\n    at Async.drainQueues (http://localhost:63916/__cypress/runner/cypress_runner.js:5351:14)\nFrom Your Spec Code:\n    at Context.eval (http://localhost:63916/__cypress/tests?p=cypress/integration/first_test.spec.js:101:8)\n\nFrom Node.js Internals:\n  Error: connect ECONNREFUSED 127.0.0.1:3000\n      at TCPConnectWrap.afterConnect [as oncomplete] (net.js:1141:16)\n  ",
                "diff": null
              },
              "uuid": "a93291d7-9d32-4347-883f-8e4ffd816c05",
              "parentUUID": "99c77205-e753-4daf-ac1e-eaf37bb0b0bd",
              "isHook": false,
              "skipped": false
            }
          ],
          "suites": [],
          "passes": [],
          "failures": [
            "a93291d7-9d32-4347-883f-8e4ffd816c05"
          ],
          "pending": [],
          "skipped": [],
          "duration": 837,
          "root": false,
          "rootEmpty": false,
          "_timeout": 2000
        }
      ],
      "passes": [],
      "failures": [],
      "pending": [],
      "skipped": [],
      "duration": 0,
      "root": true,
      "rootEmpty": true,
      "_timeout": 2000
    }
  ],
  "meta": {
    "mocha": {
      "version": "7.0.1"
    },
    "mochawesome": {
      "options": {
        "quiet": false,
        "reportFilename": "mochawesome",
        "saveHtml": false,
        "saveJson": true,
        "consoleReporter": "spec",
        "useInlineDiffs": false,
        "code": true
      },
      "version": "6.2.2"
    },
    "marge": {
      "options": {
        "id": "default",
        "reportDir": "cypress/results/json",
        "overwrite": false,
        "html": false,
        "json": true
      },
      "version": "5.2.0"
    }
  }
}