{
  "stats": {
    "suites": 1,
    "tests": 1,
    "passes": 1,
    "pending": 0,
    "failures": 0,
    "start": "2021-03-29T08:33:53.574Z",
    "end": "2021-03-29T08:33:54.685Z",
    "duration": 1111,
    "testsRegistered": 1,
    "passPercent": 100,
    "pendingPercent": 0,
    "other": 0,
    "hasOther": false,
    "skipped": 0,
    "hasSkipped": false
  },
  "results": [
    {
      "uuid": "5ab5ba45-3c75-459a-9982-81b0f931c1f5",
      "title": "",
      "fullFile": "cypress/integration/first_test.spec.js",
      "file": "cypress/integration/first_test.spec.js",
      "beforeHooks": [],
      "afterHooks": [],
      "tests": [],
      "suites": [
        {
          "uuid": "f8abd0ec-3698-4ce9-8f2c-9bbd8a953ae3",
          "title": "Create account",
          "fullFile": "",
          "file": "",
          "beforeHooks": [],
          "afterHooks": [],
          "tests": [
            {
              "title": "Test link react",
              "fullTitle": "Create account Test link react",
              "timedOut": null,
              "duration": 386,
              "state": "passed",
              "speed": "slow",
              "pass": true,
              "fail": false,
              "pending": false,
              "context": "\"videos/first_test.spec.js.mp4\"",
              "code": "cy.visit(\"http://localhost:3000/\");\ncy.get('[data-e2e=\"link-learn-react\"]').click();",
              "err": {},
              "uuid": "0240019c-b265-4a3f-8a7c-8eda15ccabdf",
              "parentUUID": "f8abd0ec-3698-4ce9-8f2c-9bbd8a953ae3",
              "isHook": false,
              "skipped": false
            }
          ],
          "suites": [],
          "passes": [
            "0240019c-b265-4a3f-8a7c-8eda15ccabdf"
          ],
          "failures": [],
          "pending": [],
          "skipped": [],
          "duration": 386,
          "root": false,
          "rootEmpty": false,
          "_timeout": 2000
        }
      ],
      "passes": [],
      "failures": [],
      "pending": [],
      "skipped": [],
      "duration": 0,
      "root": true,
      "rootEmpty": true,
      "_timeout": 2000
    }
  ],
  "meta": {
    "mocha": {
      "version": "7.0.1"
    },
    "mochawesome": {
      "options": {
        "quiet": false,
        "reportFilename": "mochawesome",
        "saveHtml": false,
        "saveJson": true,
        "consoleReporter": "spec",
        "useInlineDiffs": false,
        "code": true
      },
      "version": "6.2.2"
    },
    "marge": {
      "options": {
        "id": "default",
        "reportDir": "cypress/results/json",
        "overwrite": false,
        "html": false,
        "json": true
      },
      "version": "5.2.0"
    }
  }
}